==================================================================
= Multi Theft Auto: San Andreas v1.4.1
==================================================================
= Server name      : Map Editor Server
= Server IP address: 
= Server port      : 22010
= 
= Log file         : ..rver/mods/deathmatch/logs/editor_server.log
= Maximum players  : 1
= HTTP port        : 22011
= Voice Chat       : Disabled
= Bandwidth saving : None
==================================================================
[2015-04-02 22:31:04] File 'settings.xml' not present, creating new node.
[2015-04-02 22:31:04] Resource 'acpanel' requests some acl rights. Use the command 'aclrequest list acpanel'
[2015-04-02 22:31:29] Resources: 191 loaded, 0 failed
[2015-04-02 22:31:29] Starting resources...
[2015-04-02 22:31:29] Server minclientversion is now 1.3.5
[2015-04-02 22:31:31] Server started and is ready to accept connections!
[2015-04-02 22:31:31] To stop the server, type 'shutdown' or press Ctrl-C
[2015-04-02 22:31:31] Type 'help' for a list of commands.
[2015-04-02 22:31:31] CONNECT: Minkks connected (IP: 127.0.0.1  Serial: E023E4A5CAF1770C3CC3DF0498700EA2  Version: 1.4.1-9.07156.0)
[2015-04-02 22:31:31] JOIN: Minkks joined the game (IP: 127.0.0.1)
[2015-04-02 22:33:31] WARNING: editor_main\server\saveloadtest_server.lua:663: Using getElementPosition as bad element data for userdata: 00000023
[2015-04-02 22:37:33] QUIT: Minkks left the game [Quit]
[2015-04-02 22:37:33] Server stopped!
[2015-04-02 22:37:33] Stopping resources.........
[2015-04-02 22:37:33] Closing SQLite3 database
